
-----
Test: tests/test_buy_random_smartphone.py::test_buy_random_smartphone (call)
Start time: 2024-05-06 22:45:59.580582
Start name method: personal_area

End time: 2024-05-06 22:46:13.957896
End name method: personal_area
URL: https://elmart-shop.ru/login

-----

-----
Test: tests/test_buy_random_smartphone.py::test_buy_random_smartphone (call)
Start time: 2024-05-06 22:46:13.957896
Start name method: authorization

End time: 2024-05-06 22:46:14.321673
End name method: authorization
URL: https://elmart-shop.ru/login

-----

-----
Test: tests/test_buy_random_smartphone.py::test_buy_random_smartphone (call)
Start time: 2024-05-06 22:46:16.323391
Start name method: go_in_catalog

End time: 2024-05-06 22:46:17.201121
End name method: go_in_catalog
URL: https://elmart-shop.ru/catalog

-----

-----
Test: tests/test_buy_random_smartphone.py::test_buy_random_smartphone (call)
Start time: 2024-05-06 22:46:17.201121
Start name method: smartphone_catalog

End time: 2024-05-06 22:46:19.181788
End name method: smartphone_catalog
URL: https://elmart-shop.ru/catalog/category/mobil-nye-telefony

-----

-----
Test: tests/test_buy_random_smartphone.py::test_buy_random_smartphone (call)
Start time: 2024-05-06 22:46:19.181788
Start name method: add_smartphone

End time: 2024-05-06 22:46:26.060677
End name method: add_smartphone
URL: https://elmart-shop.ru/catalog/product/doogee-s61-6-64gb-carbon-fiber

-----

-----
Test: tests/test_buy_random_smartphone.py::test_buy_random_smartphone (call)
Start time: 2024-05-06 22:46:26.060677
Start name method: cart_for_smartphone

End time: 2024-05-06 22:46:27.969041
End name method: cart_for_smartphone
URL: https://elmart-shop.ru/cart

-----

-----
Test: tests/test_buy_random_smartphone.py::test_buy_random_smartphone (call)
Start time: 2024-05-06 22:46:27.969041
Start name method: checkout

End time: 2024-05-06 22:46:29.706772
End name method: checkout
URL: https://elmart-shop.ru/cart/checkout

-----

-----
Test: tests/test_buy_tv.py::test_buy_tv (call)
Start time: 2024-05-06 22:46:39.962110
Start name method: personal_area

End time: 2024-05-06 22:46:47.926284
End name method: personal_area
URL: https://elmart-shop.ru/login

-----

-----
Test: tests/test_buy_tv.py::test_buy_tv (call)
Start time: 2024-05-06 22:46:47.926284
Start name method: authorization

End time: 2024-05-06 22:46:48.283080
End name method: authorization
URL: https://elmart-shop.ru/login

-----

-----
Test: tests/test_buy_tv.py::test_buy_tv (call)
Start time: 2024-05-06 22:46:50.283496
Start name method: go_in_catalog

End time: 2024-05-06 22:46:51.100585
End name method: go_in_catalog
URL: https://elmart-shop.ru/catalog

-----

-----
Test: tests/test_buy_tv.py::test_buy_tv (call)
Start time: 2024-05-06 22:46:51.100585
Start name method: tv_catalog

End time: 2024-05-06 22:46:52.591141
End name method: tv_catalog
URL: https://elmart-shop.ru/catalog/category/televizory

-----

-----
Test: tests/test_buy_tv.py::test_buy_tv (call)
Start time: 2024-05-06 22:46:52.591141
Start name method: add_tv

End time: 2024-05-06 22:47:01.935949
End name method: add_tv
URL: https://elmart-shop.ru/catalog/category/televizory?brands%5B%5D=383&brands%5B%5D=99&price-min=10000&price-max=50000

-----

-----
Test: tests/test_buy_tv.py::test_buy_tv (call)
Start time: 2024-05-06 22:47:01.935949
Start name method: cart_for_tv

End time: 2024-05-06 22:47:07.104915
End name method: cart_for_tv
URL: https://elmart-shop.ru/cart

-----

-----
Test: tests/test_buy_tv.py::test_buy_tv (call)
Start time: 2024-05-06 22:47:07.104915
Start name method: checkout

End time: 2024-05-06 22:47:08.681094
End name method: checkout
URL: https://elmart-shop.ru/cart/checkout

-----

-----
Test: tests/test_removing_from_cart.py::test_removing_from_cart (call)
Start time: 2024-05-06 22:47:18.943110
Start name method: personal_area

End time: 2024-05-06 22:47:28.749468
End name method: personal_area
URL: https://elmart-shop.ru/login

-----

-----
Test: tests/test_removing_from_cart.py::test_removing_from_cart (call)
Start time: 2024-05-06 22:47:28.749468
Start name method: authorization

End time: 2024-05-06 22:47:29.063518
End name method: authorization
URL: https://elmart-shop.ru/login

-----

-----
Test: tests/test_removing_from_cart.py::test_removing_from_cart (call)
Start time: 2024-05-06 22:47:31.064565
Start name method: go_in_catalog

End time: 2024-05-06 22:47:32.039729
End name method: go_in_catalog
URL: https://elmart-shop.ru/catalog

-----

-----
Test: tests/test_removing_from_cart.py::test_removing_from_cart (call)
Start time: 2024-05-06 22:47:32.039729
Start name method: fridge_catalog

End time: 2024-05-06 22:47:35.284025
End name method: fridge_catalog
URL: https://elmart-shop.ru/catalog/category/holodil-niki

-----

-----
Test: tests/test_removing_from_cart.py::test_removing_from_cart (call)
Start time: 2024-05-06 22:47:35.285021
Start name method: add_fridge

End time: 2024-05-06 22:47:43.380769
End name method: add_fridge
URL: https://elmart-shop.ru/catalog/product/indesit-es18

-----

-----
Test: tests/test_removing_from_cart.py::test_removing_from_cart (call)
Start time: 2024-05-06 22:47:43.381768
Start name method: cart_for_fridge

End time: 2024-05-06 22:47:45.235888
End name method: cart_for_fridge
URL: https://elmart-shop.ru/cart

-----
