
-----
Test: test_add_remove_favorites.py::test_add_remove_favorites (call)
Start time: 2024-05-07 00:52:09.375262
Start name method: personal_area

End time: 2024-05-07 00:52:13.880454
End name method: personal_area
URL: https://elmart-shop.ru/login

-----

-----
Test: test_add_remove_favorites.py::test_add_remove_favorites (call)
Start time: 2024-05-07 00:52:13.880454
Start name method: authorization

End time: 2024-05-07 00:52:14.247144
End name method: authorization
URL: https://elmart-shop.ru/login

-----

-----
Test: test_add_remove_favorites.py::test_add_remove_favorites (call)
Start time: 2024-05-07 00:52:16.247708
Start name method: go_in_catalog

End time: 2024-05-07 00:52:16.946820
End name method: go_in_catalog
URL: https://elmart-shop.ru/catalog

-----

-----
Test: test_add_remove_favorites.py::test_add_remove_favorites (call)
Start time: 2024-05-07 00:52:16.946820
Start name method: hair_dryer_catalog

End time: 2024-05-07 00:52:19.391209
End name method: hair_dryer_catalog
URL: https://elmart-shop.ru/catalog/category/feny

-----

-----
Test: test_add_remove_favorites.py::test_add_remove_favorites (call)
Start time: 2024-05-07 00:52:19.392207
Start name method: add_рair_dryer_favorites

End time: 2024-05-07 00:52:21.487574
End name method: add_рair_dryer_favorites
URL: https://elmart-shop.ru/catalog/category/feny?price-min=500&price-max=1000

-----

-----
Test: test_add_remove_favorites.py::test_add_remove_favorites (call)
Start time: 2024-05-07 00:52:21.487574
Start name method: favorites_for_рair_dryer

