
-----
Test: test_add_remove_favorites.py::test_add_remove_favorites (call)
Start time: 2024-05-07 00:36:38.131095
Start name method: personal_area

End time: 2024-05-07 00:36:41.453709
End name method: personal_area
URL: https://elmart-shop.ru/login

-----

-----
Test: test_add_remove_favorites.py::test_add_remove_favorites (call)
Start time: 2024-05-07 00:36:41.453709
Start name method: authorization

End time: 2024-05-07 00:36:41.819220
End name method: authorization
URL: https://elmart-shop.ru/login

-----

-----
Test: test_add_remove_favorites.py::test_add_remove_favorites (call)
Start time: 2024-05-07 00:36:43.820376
Start name method: go_in_catalog

End time: 2024-05-07 00:36:44.467249
End name method: go_in_catalog
URL: https://elmart-shop.ru/catalog

-----

-----
Test: test_add_remove_favorites.py::test_add_remove_favorites (call)
Start time: 2024-05-07 00:36:44.467249
Start name method: hair_dryer_catalog

End time: 2024-05-07 00:36:46.750893
End name method: hair_dryer_catalog
URL: https://elmart-shop.ru/catalog/category/feny

-----

-----
Test: test_add_remove_favorites.py::test_add_remove_favorites (call)
Start time: 2024-05-07 00:36:46.751890
Start name method: add_рair_dryer_favorites

End time: 2024-05-07 00:36:48.782897
End name method: add_рair_dryer_favorites
URL: https://elmart-shop.ru/catalog/category/feny?price-min=500&price-max=1000

-----

-----
Test: test_add_remove_favorites.py::test_add_remove_favorites (call)
Start time: 2024-05-07 00:36:48.782897
Start name method: favorites_for_рair_dryer

End time: 2024-05-07 00:36:53.086758
End name method: favorites_for_рair_dryer
URL: https://elmart-shop.ru/account/wishlist

-----
