
-----
Test: tests/test_buy_random_smartphone.py::test_buy_random_smartphone (call)
Start time: 2024-05-06 22:10:59.838669
Start name method: personal_area

End time: 2024-05-06 22:11:05.709642
End name method: personal_area
URL: https://elmart-shop.ru/login

-----

-----
Test: tests/test_buy_random_smartphone.py::test_buy_random_smartphone (call)
Start time: 2024-05-06 22:11:05.710640
Start name method: authorization

End time: 2024-05-06 22:11:06.072417
End name method: authorization
URL: https://elmart-shop.ru/login

-----

-----
Test: tests/test_buy_random_smartphone.py::test_buy_random_smartphone (call)
Start time: 2024-05-06 22:11:08.073308
Start name method: go_in_catalog

End time: 2024-05-06 22:11:08.811246
End name method: go_in_catalog
URL: https://elmart-shop.ru/catalog

-----

-----
Test: tests/test_buy_random_smartphone.py::test_buy_random_smartphone (call)
Start time: 2024-05-06 22:11:08.811246
Start name method: smartphone_catalog

End time: 2024-05-06 22:11:10.790920
End name method: smartphone_catalog
URL: https://elmart-shop.ru/catalog/category/mobil-nye-telefony

-----

-----
Test: tests/test_buy_random_smartphone.py::test_buy_random_smartphone (call)
Start time: 2024-05-06 22:11:10.808670
Start name method: add_smartphone

End time: 2024-05-06 22:11:16.082629
End name method: add_smartphone
URL: https://elmart-shop.ru/catalog/product/oppo-a58-6-128gb-black

-----

-----
Test: tests/test_buy_random_smartphone.py::test_buy_random_smartphone (call)
Start time: 2024-05-06 22:11:16.082629
Start name method: cart_for_smartphone

End time: 2024-05-06 22:11:17.993130
End name method: cart_for_smartphone
URL: https://elmart-shop.ru/cart

-----

-----
Test: tests/test_buy_random_smartphone.py::test_buy_random_smartphone (call)
Start time: 2024-05-06 22:11:17.993130
Start name method: checkout

End time: 2024-05-06 22:11:19.595882
End name method: checkout
URL: https://elmart-shop.ru/cart/checkout

-----
