
-----
Test: tests/test_buy_random_smartphone.py::test_buy_random_smartphone (call)
Start time: 2024-05-06 21:50:19.109622
Start name method: personal_area

End time: 2024-05-06 21:50:24.097431
End name method: personal_area
URL: https://elmart-shop.ru/login

-----

-----
Test: tests/test_buy_random_smartphone.py::test_buy_random_smartphone (call)
Start time: 2024-05-06 21:50:24.097431
Start name method: authorization

End time: 2024-05-06 21:50:24.460804
End name method: authorization
URL: https://elmart-shop.ru/login

-----

-----
Test: tests/test_buy_random_smartphone.py::test_buy_random_smartphone (call)
Start time: 2024-05-06 21:50:26.461430
Start name method: go_in_catalog

End time: 2024-05-06 21:50:27.018273
End name method: go_in_catalog
URL: https://elmart-shop.ru/catalog

-----

-----
Test: tests/test_buy_random_smartphone.py::test_buy_random_smartphone (call)
Start time: 2024-05-06 21:50:27.018273
Start name method: smartphone_catalog

End time: 2024-05-06 21:50:28.733008
End name method: smartphone_catalog
URL: https://elmart-shop.ru/catalog/category/mobil-nye-telefony

-----

-----
Test: tests/test_buy_random_smartphone.py::test_buy_random_smartphone (call)
Start time: 2024-05-06 21:50:28.734005
Start name method: add_smartphone

End time: 2024-05-06 21:50:33.771356
End name method: add_smartphone
URL: https://elmart-shop.ru/catalog/product/realme-c55-8-256gb-black

-----

-----
Test: tests/test_buy_random_smartphone.py::test_buy_random_smartphone (call)
Start time: 2024-05-06 21:50:33.771356
Start name method: cart_for_smartphone

End time: 2024-05-06 21:50:35.098917
End name method: cart_for_smartphone
URL: https://elmart-shop.ru/cart

-----

-----
Test: tests/test_buy_random_smartphone.py::test_buy_random_smartphone (call)
Start time: 2024-05-06 21:50:35.098917
Start name method: checkout

End time: 2024-05-06 21:50:36.695707
End name method: checkout
URL: https://elmart-shop.ru/cart/checkout

-----
