
-----
Test: tests/test_add_remove_favorites.py::test_add_remove_favorites (call)
Start time: 2024-05-07 01:08:04.898031
Start name method: personal_area

End time: 2024-05-07 01:08:10.311908
End name method: personal_area
URL: https://elmart-shop.ru/login

-----

-----
Test: tests/test_add_remove_favorites.py::test_add_remove_favorites (call)
Start time: 2024-05-07 01:08:10.311908
Start name method: authorization

End time: 2024-05-07 01:08:10.699985
End name method: authorization
URL: https://elmart-shop.ru/login

-----

-----
Test: tests/test_add_remove_favorites.py::test_add_remove_favorites (call)
Start time: 2024-05-07 01:08:12.700688
Start name method: go_in_catalog

End time: 2024-05-07 01:08:13.267450
End name method: go_in_catalog
URL: https://elmart-shop.ru/catalog

-----

-----
Test: tests/test_add_remove_favorites.py::test_add_remove_favorites (call)
Start time: 2024-05-07 01:08:13.268447
Start name method: hair_dryer_catalog

End time: 2024-05-07 01:08:15.512488
End name method: hair_dryer_catalog
URL: https://elmart-shop.ru/catalog/category/feny

-----

-----
Test: tests/test_add_remove_favorites.py::test_add_remove_favorites (call)
Start time: 2024-05-07 01:08:15.512488
Start name method: add_рair_dryer_favorites

End time: 2024-05-07 01:08:17.422771
End name method: add_рair_dryer_favorites
URL: https://elmart-shop.ru/catalog/category/feny?price-min=500&price-max=1000

-----

-----
Test: tests/test_add_remove_favorites.py::test_add_remove_favorites (call)
Start time: 2024-05-07 01:08:17.422771
Start name method: favorites_for_рair_dryer

End time: 2024-05-07 01:08:21.337231
End name method: favorites_for_рair_dryer
URL: https://elmart-shop.ru/account/wishlist

-----

-----
Test: tests/test_buy_random_smartphone.py::test_buy_random_smartphone (call)
Start time: 2024-05-07 01:08:31.559427
Start name method: personal_area

End time: 2024-05-07 01:08:36.460159
End name method: personal_area
URL: https://elmart-shop.ru/login

-----

-----
Test: tests/test_buy_random_smartphone.py::test_buy_random_smartphone (call)
Start time: 2024-05-07 01:08:36.460159
Start name method: authorization

End time: 2024-05-07 01:08:36.827675
End name method: authorization
URL: https://elmart-shop.ru/login

-----

-----
Test: tests/test_buy_random_smartphone.py::test_buy_random_smartphone (call)
Start time: 2024-05-07 01:08:38.829039
Start name method: go_in_catalog

End time: 2024-05-07 01:08:39.487444
End name method: go_in_catalog
URL: https://elmart-shop.ru/catalog

-----

-----
Test: tests/test_buy_random_smartphone.py::test_buy_random_smartphone (call)
Start time: 2024-05-07 01:08:39.487444
Start name method: smartphone_catalog

End time: 2024-05-07 01:08:41.398552
End name method: smartphone_catalog
URL: https://elmart-shop.ru/catalog/category/mobil-nye-telefony

-----

-----
Test: tests/test_buy_random_smartphone.py::test_buy_random_smartphone (call)
Start time: 2024-05-07 01:08:41.398552
Start name method: add_smartphone

End time: 2024-05-07 01:08:48.644122
End name method: add_smartphone
URL: https://elmart-shop.ru/catalog/product/bq-6040l-black

-----

-----
Test: tests/test_buy_random_smartphone.py::test_buy_random_smartphone (call)
Start time: 2024-05-07 01:08:48.645150
Start name method: cart_for_smartphone

End time: 2024-05-07 01:08:49.518974
End name method: cart_for_smartphone
URL: https://elmart-shop.ru/cart

-----

-----
Test: tests/test_buy_random_smartphone.py::test_buy_random_smartphone (call)
Start time: 2024-05-07 01:08:49.518974
Start name method: checkout

End time: 2024-05-07 01:08:51.173287
End name method: checkout
URL: https://elmart-shop.ru/cart/checkout

-----

-----
Test: tests/test_buy_tv.py::test_buy_tv (call)
Start time: 2024-05-07 01:09:01.435282
Start name method: personal_area

End time: 2024-05-07 01:09:09.842606
End name method: personal_area
URL: https://elmart-shop.ru/login

-----

-----
Test: tests/test_buy_tv.py::test_buy_tv (call)
Start time: 2024-05-07 01:09:09.842606
Start name method: authorization

End time: 2024-05-07 01:09:10.211199
End name method: authorization
URL: https://elmart-shop.ru/login

-----

-----
Test: tests/test_buy_tv.py::test_buy_tv (call)
Start time: 2024-05-07 01:09:12.212003
Start name method: go_in_catalog

End time: 2024-05-07 01:09:13.066908
End name method: go_in_catalog
URL: https://elmart-shop.ru/catalog

-----

-----
Test: tests/test_buy_tv.py::test_buy_tv (call)
Start time: 2024-05-07 01:09:13.066908
Start name method: tv_catalog

End time: 2024-05-07 01:09:14.865961
End name method: tv_catalog
URL: https://elmart-shop.ru/catalog/category/televizory

-----

-----
Test: tests/test_buy_tv.py::test_buy_tv (call)
Start time: 2024-05-07 01:09:14.865961
Start name method: add_tv

End time: 2024-05-07 01:09:25.316970
End name method: add_tv
URL: https://elmart-shop.ru/catalog/category/televizory?brands%5B%5D=383&brands%5B%5D=99&price-min=10000&price-max=50000

-----

-----
Test: tests/test_buy_tv.py::test_buy_tv (call)
Start time: 2024-05-07 01:09:25.317968
Start name method: cart_for_tv

End time: 2024-05-07 01:09:30.574550
End name method: cart_for_tv
URL: https://elmart-shop.ru/cart

-----

-----
Test: tests/test_buy_tv.py::test_buy_tv (call)
Start time: 2024-05-07 01:09:30.574550
Start name method: checkout

End time: 2024-05-07 01:09:32.208928
End name method: checkout
URL: https://elmart-shop.ru/cart/checkout

-----

-----
Test: tests/test_negative_buy_tv.py::test_negative_buy_tv (call)
Start time: 2024-05-07 01:09:42.439050
Start name method: personal_area

End time: 2024-05-07 01:09:46.704708
End name method: personal_area
URL: https://elmart-shop.ru/login

-----

-----
Test: tests/test_negative_buy_tv.py::test_negative_buy_tv (call)
Start time: 2024-05-07 01:09:46.704708
Start name method: authorization

End time: 2024-05-07 01:09:47.077199
End name method: authorization
URL: https://elmart-shop.ru/login

-----

-----
Test: tests/test_negative_buy_tv.py::test_negative_buy_tv (call)
Start time: 2024-05-07 01:09:49.077917
Start name method: go_in_catalog

End time: 2024-05-07 01:09:49.758349
End name method: go_in_catalog
URL: https://elmart-shop.ru/catalog

-----

-----
Test: tests/test_negative_buy_tv.py::test_negative_buy_tv (call)
Start time: 2024-05-07 01:09:49.758349
Start name method: tv_catalog

End time: 2024-05-07 01:09:51.369815
End name method: tv_catalog
URL: https://elmart-shop.ru/catalog/category/televizory

-----

-----
Test: tests/test_negative_buy_tv.py::test_negative_buy_tv (call)
Start time: 2024-05-07 01:09:51.370812
Start name method: add_tv


-----
Test: tests/test_remove_from_cart.py::test_removing_from_cart (call)
Start time: 2024-05-07 01:10:29.706035
Start name method: personal_area

End time: 2024-05-07 01:10:44.816205
End name method: personal_area
URL: https://elmart-shop.ru/login

-----

-----
Test: tests/test_remove_from_cart.py::test_removing_from_cart (call)
Start time: 2024-05-07 01:10:44.816205
Start name method: authorization

End time: 2024-05-07 01:10:45.167068
End name method: authorization
URL: https://elmart-shop.ru/login

-----

-----
Test: tests/test_remove_from_cart.py::test_removing_from_cart (call)
Start time: 2024-05-07 01:10:47.167577
Start name method: go_in_catalog

End time: 2024-05-07 01:10:47.919254
End name method: go_in_catalog
URL: https://elmart-shop.ru/catalog

-----

-----
Test: tests/test_remove_from_cart.py::test_removing_from_cart (call)
Start time: 2024-05-07 01:10:47.919254
Start name method: fridge_catalog

End time: 2024-05-07 01:10:55.505632
End name method: fridge_catalog
URL: https://elmart-shop.ru/catalog/category/holodil-niki

-----

-----
Test: tests/test_remove_from_cart.py::test_removing_from_cart (call)
Start time: 2024-05-07 01:10:55.505632
Start name method: add_fridge

End time: 2024-05-07 01:11:00.981260
End name method: add_fridge
URL: https://elmart-shop.ru/catalog/product/indesit-es18

-----

-----
Test: tests/test_remove_from_cart.py::test_removing_from_cart (call)
Start time: 2024-05-07 01:11:00.982289
Start name method: cart_for_fridge

End time: 2024-05-07 01:11:02.760198
End name method: cart_for_fridge
URL: https://elmart-shop.ru/cart

-----
