
-----
Test: test_add_remove_favorites.py::test_add_remove_favorites (call)
Start time: 2024-05-07 00:14:40.946673
Start name method: personal_area

End time: 2024-05-07 00:14:47.174761
End name method: personal_area
URL: https://elmart-shop.ru/login

-----

-----
Test: test_add_remove_favorites.py::test_add_remove_favorites (call)
Start time: 2024-05-07 00:14:47.175757
Start name method: authorization

End time: 2024-05-07 00:14:47.537924
End name method: authorization
URL: https://elmart-shop.ru/login

-----

-----
Test: test_add_remove_favorites.py::test_add_remove_favorites (call)
Start time: 2024-05-07 00:14:49.539599
Start name method: go_in_catalog

End time: 2024-05-07 00:14:50.247415
End name method: go_in_catalog
URL: https://elmart-shop.ru/catalog

-----

-----
Test: test_add_remove_favorites.py::test_add_remove_favorites (call)
Start time: 2024-05-07 00:14:50.247415
Start name method: hair_dryer_catalog

End time: 2024-05-07 00:14:56.000057
End name method: hair_dryer_catalog
URL: https://elmart-shop.ru/catalog/category/feny

-----

-----
Test: test_add_remove_favorites.py::test_add_remove_favorites (call)
Start time: 2024-05-07 00:14:56.000057
Start name method: add_рair_dryer_favorites

End time: 2024-05-07 00:15:00.020016
End name method: add_рair_dryer_favorites
URL: https://elmart-shop.ru/catalog/category/feny?price-min=500&price-max=1000

-----

-----
Test: test_add_remove_favorites.py::test_add_remove_favorites (call)
Start time: 2024-05-07 00:15:00.020016
Start name method: favorites_for_рair_dryer

