
-----
Test: test_add_remove_favorites.py::test_add_remove_favorites (call)
Start time: 2024-05-07 00:24:48.913087
Start name method: personal_area

End time: 2024-05-07 00:24:53.479469
End name method: personal_area
URL: https://elmart-shop.ru/login

-----

-----
Test: test_add_remove_favorites.py::test_add_remove_favorites (call)
Start time: 2024-05-07 00:24:53.479469
Start name method: authorization

End time: 2024-05-07 00:24:53.851833
End name method: authorization
URL: https://elmart-shop.ru/login

-----

-----
Test: test_add_remove_favorites.py::test_add_remove_favorites (call)
Start time: 2024-05-07 00:24:55.852696
Start name method: go_in_catalog

End time: 2024-05-07 00:24:56.429440
End name method: go_in_catalog
URL: https://elmart-shop.ru/catalog

-----

-----
Test: test_add_remove_favorites.py::test_add_remove_favorites (call)
Start time: 2024-05-07 00:24:56.429440
Start name method: hair_dryer_catalog

End time: 2024-05-07 00:25:02.986320
End name method: hair_dryer_catalog
URL: https://elmart-shop.ru/catalog/category/feny

-----

-----
Test: test_add_remove_favorites.py::test_add_remove_favorites (call)
Start time: 2024-05-07 00:25:02.986320
Start name method: add_рair_dryer_favorites

End time: 2024-05-07 00:25:04.911109
End name method: add_рair_dryer_favorites
URL: https://elmart-shop.ru/catalog/category/feny?price-min=500&price-max=1000

-----

-----
Test: test_add_remove_favorites.py::test_add_remove_favorites (call)
Start time: 2024-05-07 00:25:04.912106
Start name method: favorites_for_рair_dryer

