
-----
Test: test_add_remove_favorites.py::test_add_remove_favorites (call)
Start time: 2024-05-07 00:12:21.642306
Start name method: personal_area

End time: 2024-05-07 00:12:28.494273
End name method: personal_area
URL: https://elmart-shop.ru/login

-----

-----
Test: test_add_remove_favorites.py::test_add_remove_favorites (call)
Start time: 2024-05-07 00:12:28.494273
Start name method: authorization

End time: 2024-05-07 00:12:28.852879
End name method: authorization
URL: https://elmart-shop.ru/login

-----

-----
Test: test_add_remove_favorites.py::test_add_remove_favorites (call)
Start time: 2024-05-07 00:12:30.853220
Start name method: go_in_catalog

End time: 2024-05-07 00:12:31.630500
End name method: go_in_catalog
URL: https://elmart-shop.ru/catalog

-----

-----
Test: test_add_remove_favorites.py::test_add_remove_favorites (call)
Start time: 2024-05-07 00:12:31.630500
Start name method: tv_catalog

End time: 2024-05-07 00:12:33.429747
End name method: tv_catalog
URL: https://elmart-shop.ru/catalog/category/televizory

-----

-----
Test: test_add_remove_favorites.py::test_add_remove_favorites (call)
Start time: 2024-05-07 00:12:33.429747
Start name method: add_рair_dryer_favorites

