
-----
Test: test_add_remove_favorites.py::test_add_remove_favorites (call)
Start time: 2024-05-07 00:33:56.134739
Start name method: personal_area

End time: 2024-05-07 00:34:01.033254
End name method: personal_area
URL: https://elmart-shop.ru/login

-----

-----
Test: test_add_remove_favorites.py::test_add_remove_favorites (call)
Start time: 2024-05-07 00:34:01.033254
Start name method: authorization

End time: 2024-05-07 00:34:01.398191
End name method: authorization
URL: https://elmart-shop.ru/login

-----

-----
Test: test_add_remove_favorites.py::test_add_remove_favorites (call)
Start time: 2024-05-07 00:34:03.398905
Start name method: go_in_catalog

End time: 2024-05-07 00:34:04.073416
End name method: go_in_catalog
URL: https://elmart-shop.ru/catalog

-----

-----
Test: test_add_remove_favorites.py::test_add_remove_favorites (call)
Start time: 2024-05-07 00:34:04.074414
Start name method: hair_dryer_catalog

End time: 2024-05-07 00:34:06.553124
End name method: hair_dryer_catalog
URL: https://elmart-shop.ru/catalog/category/feny

-----

-----
Test: test_add_remove_favorites.py::test_add_remove_favorites (call)
Start time: 2024-05-07 00:34:06.553124
Start name method: add_рair_dryer_favorites

End time: 2024-05-07 00:34:08.563052
End name method: add_рair_dryer_favorites
URL: https://elmart-shop.ru/catalog/category/feny?price-min=500&price-max=1000

-----

-----
Test: test_add_remove_favorites.py::test_add_remove_favorites (call)
Start time: 2024-05-07 00:34:08.563052
Start name method: favorites_for_рair_dryer

