
-----
Test: test_add_remove_favorites.py::test_add_remove_favorites (call)
Start time: 2024-05-07 00:37:06.219000
Start name method: personal_area

End time: 2024-05-07 00:37:10.150856
End name method: personal_area
URL: https://elmart-shop.ru/login

-----

-----
Test: test_add_remove_favorites.py::test_add_remove_favorites (call)
Start time: 2024-05-07 00:37:10.150856
Start name method: authorization

End time: 2024-05-07 00:37:10.518019
End name method: authorization
URL: https://elmart-shop.ru/login

-----

-----
Test: test_add_remove_favorites.py::test_add_remove_favorites (call)
Start time: 2024-05-07 00:37:12.518542
Start name method: go_in_catalog

End time: 2024-05-07 00:37:13.099031
End name method: go_in_catalog
URL: https://elmart-shop.ru/catalog

-----

-----
Test: test_add_remove_favorites.py::test_add_remove_favorites (call)
Start time: 2024-05-07 00:37:13.100029
Start name method: hair_dryer_catalog

End time: 2024-05-07 00:37:15.325178
End name method: hair_dryer_catalog
URL: https://elmart-shop.ru/catalog/category/feny

-----

-----
Test: test_add_remove_favorites.py::test_add_remove_favorites (call)
Start time: 2024-05-07 00:37:15.326176
Start name method: add_рair_dryer_favorites

End time: 2024-05-07 00:37:17.249941
End name method: add_рair_dryer_favorites
URL: https://elmart-shop.ru/catalog/category/feny?price-min=500&price-max=1000

-----

-----
Test: test_add_remove_favorites.py::test_add_remove_favorites (call)
Start time: 2024-05-07 00:37:17.249941
Start name method: favorites_for_рair_dryer

End time: 2024-05-07 00:37:21.527547
End name method: favorites_for_рair_dryer
URL: https://elmart-shop.ru/account/wishlist

-----
