
-----
Test: test_add_remove_favorites.py::test_add_remove_favorites (call)
Start time: 2024-05-07 00:35:22.299377
Start name method: personal_area

End time: 2024-05-07 00:35:27.570536
End name method: personal_area
URL: https://elmart-shop.ru/login

-----

-----
Test: test_add_remove_favorites.py::test_add_remove_favorites (call)
Start time: 2024-05-07 00:35:27.570536
Start name method: authorization

End time: 2024-05-07 00:35:27.931713
End name method: authorization
URL: https://elmart-shop.ru/login

-----

-----
Test: test_add_remove_favorites.py::test_add_remove_favorites (call)
Start time: 2024-05-07 00:35:29.932483
Start name method: go_in_catalog

End time: 2024-05-07 00:35:30.581705
End name method: go_in_catalog
URL: https://elmart-shop.ru/catalog

-----

-----
Test: test_add_remove_favorites.py::test_add_remove_favorites (call)
Start time: 2024-05-07 00:35:30.581705
Start name method: hair_dryer_catalog

End time: 2024-05-07 00:35:33.019686
End name method: hair_dryer_catalog
URL: https://elmart-shop.ru/catalog/category/feny

-----

-----
Test: test_add_remove_favorites.py::test_add_remove_favorites (call)
Start time: 2024-05-07 00:35:33.019686
Start name method: add_рair_dryer_favorites

End time: 2024-05-07 00:35:35.010686
End name method: add_рair_dryer_favorites
URL: https://elmart-shop.ru/catalog/category/feny?price-min=500&price-max=1000

-----

-----
Test: test_add_remove_favorites.py::test_add_remove_favorites (call)
Start time: 2024-05-07 00:35:35.011684
Start name method: favorites_for_рair_dryer

