
-----
Test: tests/test_add_remove_favorites.py::test_add_remove_favorites (call)
Start time: 2024-05-07 01:03:54.766925
Start name method: personal_area

End time: 2024-05-07 01:04:00.928064
End name method: personal_area
URL: https://elmart-shop.ru/login

-----

-----
Test: tests/test_add_remove_favorites.py::test_add_remove_favorites (call)
Start time: 2024-05-07 01:04:00.928064
Start name method: authorization

End time: 2024-05-07 01:04:01.300065
End name method: authorization
URL: https://elmart-shop.ru/login

-----

-----
Test: tests/test_add_remove_favorites.py::test_add_remove_favorites (call)
Start time: 2024-05-07 01:04:03.300654
Start name method: go_in_catalog

End time: 2024-05-07 01:04:03.856926
End name method: go_in_catalog
URL: https://elmart-shop.ru/catalog

-----

-----
Test: tests/test_add_remove_favorites.py::test_add_remove_favorites (call)
Start time: 2024-05-07 01:04:03.856926
Start name method: hair_dryer_catalog

End time: 2024-05-07 01:04:06.094350
End name method: hair_dryer_catalog
URL: https://elmart-shop.ru/catalog/category/feny

-----

-----
Test: tests/test_add_remove_favorites.py::test_add_remove_favorites (call)
Start time: 2024-05-07 01:04:06.095347
Start name method: add_рair_dryer_favorites

End time: 2024-05-07 01:04:07.973943
End name method: add_рair_dryer_favorites
URL: https://elmart-shop.ru/catalog/category/feny?price-min=500&price-max=1000

-----

-----
Test: tests/test_add_remove_favorites.py::test_add_remove_favorites (call)
Start time: 2024-05-07 01:04:07.973943
Start name method: favorites_for_рair_dryer

End time: 2024-05-07 01:04:11.916854
End name method: favorites_for_рair_dryer
URL: https://elmart-shop.ru/account/wishlist

-----

-----
Test: tests/test_buy_random_smartphone.py::test_buy_random_smartphone (call)
Start time: 2024-05-07 01:04:23.670742
Start name method: personal_area

End time: 2024-05-07 01:04:29.457064
End name method: personal_area
URL: https://elmart-shop.ru/login

-----

-----
Test: tests/test_buy_random_smartphone.py::test_buy_random_smartphone (call)
Start time: 2024-05-07 01:04:29.457064
Start name method: authorization

End time: 2024-05-07 01:04:29.862832
End name method: authorization
URL: https://elmart-shop.ru/login

-----

-----
Test: tests/test_buy_random_smartphone.py::test_buy_random_smartphone (call)
Start time: 2024-05-07 01:04:31.863820
Start name method: go_in_catalog

End time: 2024-05-07 01:04:32.633201
End name method: go_in_catalog
URL: https://elmart-shop.ru/catalog

-----

-----
Test: tests/test_buy_random_smartphone.py::test_buy_random_smartphone (call)
Start time: 2024-05-07 01:04:32.633201
Start name method: smartphone_catalog

End time: 2024-05-07 01:04:34.660372
End name method: smartphone_catalog
URL: https://elmart-shop.ru/catalog/category/mobil-nye-telefony

-----

-----
Test: tests/test_buy_random_smartphone.py::test_buy_random_smartphone (call)
Start time: 2024-05-07 01:04:34.660372
Start name method: add_smartphone

End time: 2024-05-07 01:04:42.126671
End name method: add_smartphone
URL: https://elmart-shop.ru/catalog/product/samsung-sm-a405fm-64gb-blue

-----

-----
Test: tests/test_buy_random_smartphone.py::test_buy_random_smartphone (call)
Start time: 2024-05-07 01:04:42.126671
Start name method: cart_for_smartphone

End time: 2024-05-07 01:04:43.057339
End name method: cart_for_smartphone
URL: https://elmart-shop.ru/cart

-----

-----
Test: tests/test_buy_random_smartphone.py::test_buy_random_smartphone (call)
Start time: 2024-05-07 01:04:43.057339
Start name method: checkout

End time: 2024-05-07 01:04:44.719693
End name method: checkout
URL: https://elmart-shop.ru/cart/checkout

-----

-----
Test: tests/test_buy_tv.py::test_buy_tv (call)
Start time: 2024-05-07 01:04:54.933122
Start name method: personal_area

End time: 2024-05-07 01:05:08.606191
End name method: personal_area
URL: https://elmart-shop.ru/login

-----

-----
Test: tests/test_buy_tv.py::test_buy_tv (call)
Start time: 2024-05-07 01:05:08.606191
Start name method: authorization

End time: 2024-05-07 01:05:08.961324
End name method: authorization
URL: https://elmart-shop.ru/login

-----

-----
Test: tests/test_buy_tv.py::test_buy_tv (call)
Start time: 2024-05-07 01:05:10.962508
Start name method: go_in_catalog

End time: 2024-05-07 01:05:11.712023
End name method: go_in_catalog
URL: https://elmart-shop.ru/catalog

-----

-----
Test: tests/test_buy_tv.py::test_buy_tv (call)
Start time: 2024-05-07 01:05:11.712023
Start name method: tv_catalog

End time: 2024-05-07 01:05:13.345190
End name method: tv_catalog
URL: https://elmart-shop.ru/catalog/category/televizory

-----

-----
Test: tests/test_buy_tv.py::test_buy_tv (call)
Start time: 2024-05-07 01:05:13.345190
Start name method: add_tv

End time: 2024-05-07 01:05:23.716247
End name method: add_tv
URL: https://elmart-shop.ru/catalog/category/televizory?brands%5B%5D=383&brands%5B%5D=99&price-min=10000&price-max=50000

-----

-----
Test: tests/test_buy_tv.py::test_buy_tv (call)
Start time: 2024-05-07 01:05:23.716247
Start name method: cart_for_tv

End time: 2024-05-07 01:05:29.013115
End name method: cart_for_tv
URL: https://elmart-shop.ru/cart

-----

-----
Test: tests/test_buy_tv.py::test_buy_tv (call)
Start time: 2024-05-07 01:05:29.013115
Start name method: checkout

End time: 2024-05-07 01:05:30.641121
End name method: checkout
URL: https://elmart-shop.ru/cart/checkout

-----

-----
Test: tests/test_negative_buy_tv.py::test_buy_tv (call)
Start time: 2024-05-07 01:05:40.920670
Start name method: personal_area

End time: 2024-05-07 01:05:47.202833
End name method: personal_area
URL: https://elmart-shop.ru/login

-----

-----
Test: tests/test_negative_buy_tv.py::test_buy_tv (call)
Start time: 2024-05-07 01:05:47.202833
Start name method: authorization

End time: 2024-05-07 01:05:47.579056
End name method: authorization
URL: https://elmart-shop.ru/login

-----

-----
Test: tests/test_negative_buy_tv.py::test_buy_tv (call)
Start time: 2024-05-07 01:05:49.580243
Start name method: go_in_catalog

End time: 2024-05-07 01:05:50.260650
End name method: go_in_catalog
URL: https://elmart-shop.ru/catalog

-----

-----
Test: tests/test_negative_buy_tv.py::test_buy_tv (call)
Start time: 2024-05-07 01:05:50.260650
Start name method: tv_catalog

End time: 2024-05-07 01:05:51.903533
End name method: tv_catalog
URL: https://elmart-shop.ru/catalog/category/televizory

-----

-----
Test: tests/test_negative_buy_tv.py::test_buy_tv (call)
Start time: 2024-05-07 01:05:51.903533
Start name method: add_tv


-----
Test: tests/test_remove_from_cart.py::test_removing_from_cart (call)
Start time: 2024-05-07 01:06:30.270126
Start name method: personal_area

End time: 2024-05-07 01:06:36.916341
End name method: personal_area
URL: https://elmart-shop.ru/login

-----

-----
Test: tests/test_remove_from_cart.py::test_removing_from_cart (call)
Start time: 2024-05-07 01:06:36.916341
Start name method: authorization

End time: 2024-05-07 01:06:37.278191
End name method: authorization
URL: https://elmart-shop.ru/login

-----

-----
Test: tests/test_remove_from_cart.py::test_removing_from_cart (call)
Start time: 2024-05-07 01:06:39.278665
Start name method: go_in_catalog

End time: 2024-05-07 01:06:40.065524
End name method: go_in_catalog
URL: https://elmart-shop.ru/catalog

-----

-----
Test: tests/test_remove_from_cart.py::test_removing_from_cart (call)
Start time: 2024-05-07 01:06:40.065524
Start name method: fridge_catalog

End time: 2024-05-07 01:06:42.852308
End name method: fridge_catalog
URL: https://elmart-shop.ru/catalog/category/holodil-niki

-----

-----
Test: tests/test_remove_from_cart.py::test_removing_from_cart (call)
Start time: 2024-05-07 01:06:42.852308
Start name method: add_fridge

End time: 2024-05-07 01:06:48.337837
End name method: add_fridge
URL: https://elmart-shop.ru/catalog/product/indesit-es18

-----

-----
Test: tests/test_remove_from_cart.py::test_removing_from_cart (call)
Start time: 2024-05-07 01:06:48.338868
Start name method: cart_for_fridge

End time: 2024-05-07 01:06:50.080804
End name method: cart_for_fridge
URL: https://elmart-shop.ru/cart

-----
